# JRE version: OpenJDK Runtime Environment Temurin-17.0.11+9 (17.0.11+9) (build 17.0.11+9)
# Java VM: OpenJDK 64-Bit Server VM Temurin-17.0.11+9 (17.0.11+9, mixed mode, emulated-client, tiered, compressed oops, compressed class ptrs, g1 gc, windows-amd64)
GC Precious Log:
 CPUs: 8 total, 8 available
 Memory: 15931M
 Large Page Support: Disabled
 NUMA Support: Disabled
 Compressed Oops: Enabled (32-bit)
 Heap Region Size: 1M
 Heap Min Capacity: 8M
 Heap Initial Capacity: 250M
 Heap Max Capacity: 1G
 Pre-touch: Disabled
 Parallel Workers: 8
 Concurrent Workers: 2
 Concurrent Refinement Workers: 8
 Periodic GC: Disabled
Heap:
 garbage-first heap   total 137216K, used 40323K [0x00000000c0000000, 0x0000000100000000)
  region size 1024K, 1 young (1024K), 0 survivors (0K)
 Metaspace       used 65118K, committed 65856K, reserved 1114112K
  class space    used 8446K, committed 8768K, reserved 1048576K
GC Heap History (20 events):
Event: 21675.957 GC heap before
{Heap before GC invocations=1975 (full 1945):
 garbage-first heap   total 137216K, used 40323K [0x00000000c0000000, 0x0000000100000000)
  region size 1024K, 1 young (1024K), 0 survivors (0K)
 Metaspace       used 65118K, committed 65856K, reserved 1114112K
  class space    used 8446K, committed 8768K, reserved 1048576K
}
Event: 21675.998 GC heap after
{Heap after GC invocations=1976 (full 1946):
 garbage-first heap   total 137216K, used 40323K [0x00000000c0000000, 0x0000000100000000)
  region size 1024K, 0 young (0K), 0 survivors (0K)
 Metaspace       used 65118K, committed 65856K, reserved 1114112K
  class space    used 8446K, committed 8768K, reserved 1048576K
}
Event: 21686.260 GC heap before
{Heap before GC invocations=1976 (full 1946):
 garbage-first heap   total 137216K, used 40323K [0x00000000c0000000, 0x0000000100000000)
  region size 1024K, 1 young (1024K), 0 survivors (0K)
 Metaspace       used 65118K, committed 65856K, reserved 1114112K
  class space    used 8446K, committed 8768K, reserved 1048576K
}
Event: 21686.305 GC heap after
{Heap after GC invocations=1977 (full 1947):
 garbage-first heap   total 137216K, used 40323K [0x00000000c0000000, 0x0000000100000000)
  region size 1024K, 0 young (0K), 0 survivors (0K)
 Metaspace       used 65118K, committed 65856K, reserved 1114112K
  class space    used 8446K, committed 8768K, reserved 1048576K
}
Event: 21696.538 GC heap before
{Heap before GC invocations=1977 (full 1947):
 garbage-first heap   total 137216K, used 40323K [0x00000000c0000000, 0x0000000100000000)
  region size 1024K, 1 young (1024K), 0 survivors (0K)
 Metaspace       used 65118K, committed 65856K, reserved 1114112K
  class space    used 8446K, committed 8768K, reserved 1048576K
}
Event: 21696.582 GC heap after
{Heap after GC invocations=1978 (full 1948):
 garbage-first heap   total 137216K, used 40323K [0x00000000c0000000, 0x0000000100000000)
  region size 1024K, 0 young (0K), 0 survivors (0K)
 Metaspace       used 65118K, committed 65856K, reserved 1114112K
  class space    used 8446K, committed 8768K, reserved 1048576K
}
Event: 21706.880 GC heap before
{Heap before GC invocations=1978 (full 1948):
 garbage-first heap   total 137216K, used 40323K [0x00000000c0000000, 0x0000000100000000)
  region size 1024K, 1 young (1024K), 0 survivors (0K)
 Metaspace       used 65118K, committed 65856K, reserved 1114112K
  class space    used 8446K, committed 8768K, reserved 1048576K
}
Event: 21706.950 GC heap after
{Heap after GC invocations=1979 (full 1949):
 garbage-first heap   total 137216K, used 40323K [0x00000000c0000000, 0x0000000100000000)
  region size 1024K, 0 young (0K), 0 survivors (0K)
 Metaspace       used 65118K, committed 65856K, reserved 1114112K
  class space    used 8446K, committed 8768K, reserved 1048576K
}
Event: 21717.192 GC heap before
{Heap before GC invocations=1979 (full 1949):
 garbage-first heap   total 137216K, used 40323K [0x00000000c0000000, 0x0000000100000000)
  region size 1024K, 1 young (1024K), 0 survivors (0K)
 Metaspace       used 65118K, committed 65856K, reserved 1114112K
  class space    used 8446K, committed 8768K, reserved 1048576K
}
Event: 21717.237 GC heap after
{Heap after GC invocations=1980 (full 1950):
 garbage-first heap   total 137216K, used 40323K [0x00000000c0000000, 0x0000000100000000)
  region size 1024K, 0 young (0K), 0 survivors (0K)
 Metaspace       used 65118K, committed 65856K, reserved 1114112K
  class space    used 8446K, committed 8768K, reserved 1048576K
}
Event: 21727.488 GC heap before
{Heap before GC invocations=1980 (full 1950):
 garbage-first heap   total 137216K, used 40323K [0x00000000c0000000, 0x0000000100000000)
  region size 1024K, 1 young (1024K), 0 survivors (0K)
 Metaspace       used 65118K, committed 65856K, reserved 1114112K
  class space    used 8446K, committed 8768K, reserved 1048576K
}
Event: 21727.529 GC heap after
{Heap after GC invocations=1981 (full 1951):
 garbage-first heap   total 137216K, used 40323K [0x00000000c0000000, 0x0000000100000000)
  region size 1024K, 0 young (0K), 0 survivors (0K)
 Metaspace       used 65118K, committed 65856K, reserved 1114112K
  class space    used 8446K, committed 8768K, reserved 1048576K
}
Event: 21737.775 GC heap before
{Heap before GC invocations=1981 (full 1951):
 garbage-first heap   total 137216K, used 40323K [0x00000000c0000000, 0x0000000100000000)
  region size 1024K, 1 young (1024K), 0 survivors (0K)
 Metaspace       used 65118K, committed 65856K, reserved 1114112K
  class space    used 8446K, committed 8768K, reserved 1048576K
}
Event: 21737.835 GC heap after
{Heap after GC invocations=1982 (full 1952):
 garbage-first heap   total 137216K, used 40323K [0x00000000c0000000, 0x0000000100000000)
  region size 1024K, 0 young (0K), 0 survivors (0K)
 Metaspace       used 65118K, committed 65856K, reserved 1114112K
  class space    used 8446K, committed 8768K, reserved 1048576K
}
Event: 21748.108 GC heap before
{Heap before GC invocations=1982 (full 1952):
 garbage-first heap   total 137216K, used 40323K [0x00000000c0000000, 0x0000000100000000)
  region size 1024K, 1 young (1024K), 0 survivors (0K)
 Metaspace       used 65118K, committed 65856K, reserved 1114112K
  class space    used 8446K, committed 8768K, reserved 1048576K
}
Event: 21748.159 GC heap after
{Heap after GC invocations=1983 (full 1953):
 garbage-first heap   total 137216K, used 40323K [0x00000000c0000000, 0x0000000100000000)
  region size 1024K, 0 young (0K), 0 survivors (0K)
 Metaspace       used 65118K, committed 65856K, reserved 1114112K
  class space    used 8446K, committed 8768K, reserved 1048576K
}
Event: 21758.730 GC heap before
{Heap before GC invocations=1983 (full 1953):
 garbage-first heap   total 137216K, used 40323K [0x00000000c0000000, 0x0000000100000000)
  region size 1024K, 1 young (1024K), 0 survivors (0K)
 Metaspace       used 65118K, committed 65856K, reserved 1114112K
  class space    used 8446K, committed 8768K, reserved 1048576K
}
Event: 21758.794 GC heap after
{Heap after GC invocations=1984 (full 1954):
 garbage-first heap   total 137216K, used 40323K [0x00000000c0000000, 0x0000000100000000)
  region size 1024K, 0 young (0K), 0 survivors (0K)
 Metaspace       used 65118K, committed 65856K, reserved 1114112K
  class space    used 8446K, committed 8768K, reserved 1048576K
}
Event: 21769.380 GC heap before
{Heap before GC invocations=1984 (full 1954):
 garbage-first heap   total 137216K, used 40323K [0x00000000c0000000, 0x0000000100000000)
  region size 1024K, 1 young (1024K), 0 survivors (0K)
 Metaspace       used 65118K, committed 65856K, reserved 1114112K
  class space    used 8446K, committed 8768K, reserved 1048576K
}
Event: 21769.450 GC heap after
{Heap after GC invocations=1985 (full 1955):
 garbage-first heap   total 137216K, used 40323K [0x00000000c0000000, 0x0000000100000000)
  region size 1024K, 0 young (0K), 0 survivors (0K)
 Metaspace       used 65118K, committed 65856K, reserved 1114112K
  class space    used 8446K, committed 8768K, reserved 1048576K
}

